<?xml version="1.0" encoding="UTF-8"?>
<coverage generated="1778231021597" clover="3.2.0">
  <project timestamp="1778231021598" name="All files">
    <metrics statements="143" coveredstatements="107" conditionals="82" coveredconditionals="55" methods="42" coveredmethods="35" elements="267" coveredelements="197" complexity="0" loc="143" ncloc="143" packages="8" files="23" classes="23"/>
    <package name="app.routes">
      <metrics statements="2" coveredstatements="2" conditionals="0" coveredconditionals="0" methods="1" coveredmethods="1"/>
      <file name="HomePage.tsx" path="/usr/src/app/src/app/routes/HomePage.tsx">
        <metrics statements="2" coveredstatements="2" conditionals="0" coveredconditionals="0" methods="1" coveredmethods="1"/>
        <line num="6" count="10" type="stmt"/>
        <line num="8" count="10" type="stmt"/>
      </file>
    </package>
    <package name="assets">
      <metrics statements="0" coveredstatements="0" conditionals="0" coveredconditionals="0" methods="0" coveredmethods="0"/>
      <file name="cloudy.png" path="/usr/src/app/src/assets/cloudy.png">
        <metrics statements="0" coveredstatements="0" conditionals="0" coveredconditionals="0" methods="0" coveredmethods="0"/>
      </file>
      <file name="haze.png" path="/usr/src/app/src/assets/haze.png">
        <metrics statements="0" coveredstatements="0" conditionals="0" coveredconditionals="0" methods="0" coveredmethods="0"/>
      </file>
      <file name="heavy_cloudy.png" path="/usr/src/app/src/assets/heavy_cloudy.png">
        <metrics statements="0" coveredstatements="0" conditionals="0" coveredconditionals="0" methods="0" coveredmethods="0"/>
      </file>
      <file name="heavy_rain.png" path="/usr/src/app/src/assets/heavy_rain.png">
        <metrics statements="0" coveredstatements="0" conditionals="0" coveredconditionals="0" methods="0" coveredmethods="0"/>
      </file>
      <file name="rain.png" path="/usr/src/app/src/assets/rain.png">
        <metrics statements="0" coveredstatements="0" conditionals="0" coveredconditionals="0" methods="0" coveredmethods="0"/>
      </file>
      <file name="snow.png" path="/usr/src/app/src/assets/snow.png">
        <metrics statements="0" coveredstatements="0" conditionals="0" coveredconditionals="0" methods="0" coveredmethods="0"/>
      </file>
      <file name="sun.png" path="/usr/src/app/src/assets/sun.png">
        <metrics statements="0" coveredstatements="0" conditionals="0" coveredconditionals="0" methods="0" coveredmethods="0"/>
      </file>
      <file name="sun_and_rain.png" path="/usr/src/app/src/assets/sun_and_rain.png">
        <metrics statements="0" coveredstatements="0" conditionals="0" coveredconditionals="0" methods="0" coveredmethods="0"/>
      </file>
    </package>
    <package name="components.weather">
      <metrics statements="21" coveredstatements="18" conditionals="33" coveredconditionals="28" methods="9" coveredmethods="8"/>
      <file name="MyLineChart.tsx" path="/usr/src/app/src/components/weather/MyLineChart.tsx">
        <metrics statements="1" coveredstatements="1" conditionals="9" coveredconditionals="9" methods="1" coveredmethods="1"/>
        <line num="24" count="4" type="stmt"/>
      </file>
      <file name="TemperatureLineChart.tsx" path="/usr/src/app/src/components/weather/TemperatureLineChart.tsx">
        <metrics statements="7" coveredstatements="6" conditionals="12" coveredconditionals="9" methods="3" coveredmethods="2"/>
        <line num="26" count="4" type="stmt"/>
        <line num="27" count="4" type="cond" truecount="3" falsecount="1"/>
        <line num="28" count="4" type="stmt"/>
        <line num="29" count="4" type="stmt"/>
        <line num="30" count="4" type="cond" truecount="1" falsecount="1"/>
        <line num="33" count="4" type="stmt"/>
        <line num="66" count="0" type="cond" truecount="1" falsecount="1"/>
      </file>
      <file name="WeatherCard.tsx" path="/usr/src/app/src/components/weather/WeatherCard.tsx">
        <metrics statements="2" coveredstatements="2" conditionals="0" coveredconditionals="0" methods="1" coveredmethods="1"/>
        <line num="23" count="8" type="stmt"/>
        <line num="25" count="8" type="stmt"/>
      </file>
      <file name="WeatherCharts.tsx" path="/usr/src/app/src/components/weather/WeatherCharts.tsx">
        <metrics statements="4" coveredstatements="4" conditionals="4" coveredconditionals="4" methods="3" coveredmethods="3"/>
        <line num="13" count="96" type="stmt"/>
        <line num="30" count="10" type="cond" truecount="4" falsecount="0"/>
        <line num="32" count="4" type="stmt"/>
        <line num="34" count="4" type="stmt"/>
      </file>
      <file name="WeatherOverview.tsx" path="/usr/src/app/src/components/weather/WeatherOverview.tsx">
        <metrics statements="7" coveredstatements="5" conditionals="8" coveredconditionals="6" methods="1" coveredmethods="1"/>
        <line num="15" count="10" type="cond" truecount="2" falsecount="0"/>
        <line num="16" count="6" type="stmt"/>
        <line num="19" count="4" type="cond" truecount="1" falsecount="1"/>
        <line num="20" count="0" type="stmt"/>
        <line num="23" count="4" type="cond" truecount="3" falsecount="1"/>
        <line num="24" count="0" type="stmt"/>
        <line num="27" count="4" type="stmt"/>
      </file>
    </package>
    <package name="features.fetch-weather-data.api">
      <metrics statements="39" coveredstatements="24" conditionals="12" coveredconditionals="6" methods="10" coveredmethods="7"/>
      <file name="weatherApi.ts" path="/usr/src/app/src/features/fetch-weather-data/api/weatherApi.ts">
        <metrics statements="39" coveredstatements="24" conditionals="12" coveredconditionals="6" methods="10" coveredmethods="7"/>
        <line num="7" count="1" type="stmt"/>
        <line num="21" count="156" type="stmt"/>
        <line num="22" count="156" type="stmt"/>
        <line num="29" count="150" type="stmt"/>
        <line num="30" count="150" type="stmt"/>
        <line num="39" count="6" type="stmt"/>
        <line num="42" count="6" type="cond" truecount="1" falsecount="1"/>
        <line num="43" count="0" type="stmt"/>
        <line num="45" count="6" type="stmt"/>
        <line num="46" count="6" type="stmt"/>
        <line num="51" count="6" type="stmt"/>
        <line num="54" count="6" type="cond" truecount="1" falsecount="1"/>
        <line num="55" count="0" type="stmt"/>
        <line num="57" count="6" type="stmt"/>
        <line num="58" count="6" type="cond" truecount="2" falsecount="0"/>
        <line num="66" count="0" type="stmt"/>
        <line num="69" count="0" type="cond" truecount="0" falsecount="2"/>
        <line num="70" count="0" type="stmt"/>
        <line num="74" count="0" type="stmt"/>
        <line num="75" count="0" type="stmt"/>
        <line num="82" count="0" type="stmt"/>
        <line num="83" count="0" type="stmt"/>
        <line num="85" count="0" type="stmt"/>
        <line num="94" count="6" type="stmt"/>
        <line num="97" count="6" type="cond" truecount="1" falsecount="1"/>
        <line num="98" count="0" type="stmt"/>
        <line num="102" count="6" type="stmt"/>
        <line num="103" count="6" type="stmt"/>
        <line num="110" count="0" type="stmt"/>
        <line num="111" count="0" type="stmt"/>
        <line num="113" count="0" type="stmt"/>
        <line num="118" count="6" type="stmt"/>
        <line num="119" count="6" type="stmt"/>
        <line num="121" count="6" type="stmt"/>
        <line num="125" count="6" type="stmt"/>
        <line num="126" count="6" type="cond" truecount="1" falsecount="1"/>
        <line num="127" count="0" type="stmt"/>
        <line num="131" count="6" type="stmt"/>
        <line num="132" count="6" type="stmt"/>
      </file>
    </package>
    <package name="hooks">
      <metrics statements="20" coveredstatements="18" conditionals="0" coveredconditionals="0" methods="3" coveredmethods="3"/>
      <file name="useWeatherData.ts" path="/usr/src/app/src/hooks/useWeatherData.ts">
        <metrics statements="20" coveredstatements="18" conditionals="0" coveredconditionals="0" methods="3" coveredmethods="3"/>
        <line num="13" count="10" type="stmt"/>
        <line num="14" count="10" type="stmt"/>
        <line num="17" count="10" type="stmt"/>
        <line num="18" count="10" type="stmt"/>
        <line num="20" count="10" type="stmt"/>
        <line num="21" count="10" type="stmt"/>
        <line num="23" count="10" type="stmt"/>
        <line num="25" count="6" type="stmt"/>
        <line num="26" count="6" type="stmt"/>
        <line num="27" count="6" type="stmt"/>
        <line num="30" count="6" type="stmt"/>
        <line num="37" count="6" type="stmt"/>
        <line num="38" count="6" type="stmt"/>
        <line num="39" count="6" type="stmt"/>
        <line num="40" count="6" type="stmt"/>
        <line num="42" count="0" type="stmt"/>
        <line num="43" count="0" type="stmt"/>
        <line num="45" count="6" type="stmt"/>
        <line num="49" count="6" type="stmt"/>
        <line num="52" count="10" type="stmt"/>
      </file>
    </package>
    <package name="testing.mocks">
      <metrics statements="20" coveredstatements="11" conditionals="10" coveredconditionals="4" methods="4" coveredmethods="3"/>
      <file name="handlers.ts" path="/usr/src/app/src/testing/mocks/handlers.ts">
        <metrics statements="19" coveredstatements="10" conditionals="10" coveredconditionals="4" methods="4" coveredmethods="3"/>
        <line num="8" count="1" type="stmt"/>
        <line num="10" count="6" type="stmt"/>
        <line num="14" count="6" type="stmt"/>
        <line num="16" count="6" type="stmt"/>
        <line num="17" count="6" type="stmt"/>
        <line num="19" count="6" type="cond" truecount="3" falsecount="1"/>
        <line num="20" count="0" type="stmt"/>
        <line num="21" count="0" type="stmt"/>
        <line num="24" count="6" type="stmt"/>
        <line num="28" count="12" type="stmt"/>
        <line num="29" count="12" type="cond" truecount="1" falsecount="1"/>
        <line num="31" count="12" type="stmt"/>
        <line num="35" count="0" type="stmt"/>
        <line num="37" count="0" type="stmt"/>
        <line num="38" count="0" type="stmt"/>
        <line num="40" count="0" type="cond" truecount="0" falsecount="4"/>
        <line num="41" count="0" type="stmt"/>
        <line num="46" count="0" type="stmt"/>
        <line num="51" count="0" type="stmt"/>
      </file>
      <file name="node.ts" path="/usr/src/app/src/testing/mocks/node.ts">
        <metrics statements="1" coveredstatements="1" conditionals="0" coveredconditionals="0" methods="0" coveredmethods="0"/>
        <line num="4" count="1" type="stmt"/>
      </file>
    </package>
    <package name="types">
      <metrics statements="0" coveredstatements="0" conditionals="0" coveredconditionals="0" methods="0" coveredmethods="0"/>
      <file name="weatherData.ts" path="/usr/src/app/src/types/weatherData.ts">
        <metrics statements="0" coveredstatements="0" conditionals="0" coveredconditionals="0" methods="0" coveredmethods="0"/>
      </file>
    </package>
    <package name="utils">
      <metrics statements="41" coveredstatements="34" conditionals="27" coveredconditionals="17" methods="15" coveredmethods="13"/>
      <file name="dateFormat.ts" path="/usr/src/app/src/utils/dateFormat.ts">
        <metrics statements="3" coveredstatements="2" conditionals="2" coveredconditionals="1" methods="3" coveredmethods="2"/>
        <line num="2" count="8" type="cond" truecount="1" falsecount="1"/>
        <line num="6" count="0" type="stmt"/>
        <line num="13" count="8" type="stmt"/>
      </file>
      <file name="weatherFormatting.ts" path="/usr/src/app/src/utils/weatherFormatting.ts">
        <metrics statements="5" coveredstatements="5" conditionals="0" coveredconditionals="0" methods="4" coveredmethods="4"/>
        <line num="2" count="8" type="stmt"/>
        <line num="3" count="8" type="stmt"/>
        <line num="7" count="8" type="stmt"/>
        <line num="14" count="24" type="stmt"/>
        <line num="18" count="16" type="stmt"/>
      </file>
      <file name="weatherIcons.ts" path="/usr/src/app/src/utils/weatherIcons.ts">
        <metrics statements="8" coveredstatements="7" conditionals="20" coveredconditionals="12" methods="1" coveredmethods="1"/>
        <line num="18" count="8" type="cond" truecount="2" falsecount="2"/>
        <line num="19" count="8" type="cond" truecount="1" falsecount="1"/>
        <line num="20" count="8" type="cond" truecount="2" falsecount="2"/>
        <line num="21" count="8" type="cond" truecount="1" falsecount="1"/>
        <line num="22" count="8" type="cond" truecount="3" falsecount="1"/>
        <line num="23" count="8" type="cond" truecount="2" falsecount="0"/>
        <line num="24" count="4" type="cond" truecount="1" falsecount="1"/>
        <line num="26" count="0" type="stmt"/>
      </file>
      <file name="weatherMockSeries.ts" path="/usr/src/app/src/utils/weatherMockSeries.ts">
        <metrics statements="25" coveredstatements="20" conditionals="5" coveredconditionals="4" methods="7" coveredmethods="6"/>
        <line num="26" count="3096" type="stmt"/>
        <line num="27" count="3096" type="stmt"/>
        <line num="34" count="444" type="stmt"/>
        <line num="36" count="444" type="stmt"/>
        <line num="55" count="288" type="stmt"/>
        <line num="56" count="288" type="stmt"/>
        <line num="71" count="6" type="stmt"/>
        <line num="74" count="6" type="stmt"/>
        <line num="75" count="6" type="stmt"/>
        <line num="79" count="150" type="stmt"/>
        <line num="82" count="6" type="stmt"/>
        <line num="94" count="0" type="stmt"/>
        <line num="97" count="0" type="stmt"/>
        <line num="98" count="0" type="stmt"/>
        <line num="102" count="0" type="stmt"/>
        <line num="105" count="0" type="stmt"/>
        <line num="114" count="12" type="stmt"/>
        <line num="115" count="12" type="stmt"/>
        <line num="116" count="12" type="stmt"/>
        <line num="118" count="12" type="stmt"/>
        <line num="119" count="288" type="stmt"/>
        <line num="120" count="288" type="stmt"/>
        <line num="123" count="12" type="stmt"/>
        <line num="130" count="6" type="stmt"/>
        <line num="131" count="6" type="stmt"/>
      </file>
    </package>
  </project>
</coverage>
