{"/usr/src/app/src/app/routes/HomePage.tsx": {"path":"/usr/src/app/src/app/routes/HomePage.tsx","statementMap":{"0":{"start":{"line":6,"column":8},"end":{"line":6,"column":38}},"1":{"start":{"line":8,"column":2},"end":{"line":29,"column":null}}},"fnMap":{"0":{"name":"HomePage","decl":{"start":{"line":5,"column":24},"end":{"line":5,"column":35}},"loc":{"start":{"line":5,"column":35},"end":{"line":29,"column":null}},"line":5}},"branchMap":{},"s":{"0":10,"1":10},"f":{"0":10},"b":{},"meta":{"lastBranch":0,"lastFunction":1,"lastStatement":2,"seen":{"f:5:24:5:35":0,"s:6:8:6:38":0,"s:8:2:29:Infinity":1}}}
,"/usr/src/app/src/assets/cloudy.png": {"path":"/usr/src/app/src/assets/cloudy.png","statementMap":{},"fnMap":{},"branchMap":{},"s":{},"f":{},"b":{},"meta":{"lastBranch":0,"lastFunction":0,"lastStatement":0,"seen":{}}}
,"/usr/src/app/src/assets/haze.png": {"path":"/usr/src/app/src/assets/haze.png","statementMap":{},"fnMap":{},"branchMap":{},"s":{},"f":{},"b":{},"meta":{"lastBranch":0,"lastFunction":0,"lastStatement":0,"seen":{}}}
,"/usr/src/app/src/assets/heavy_cloudy.png": {"path":"/usr/src/app/src/assets/heavy_cloudy.png","statementMap":{},"fnMap":{},"branchMap":{},"s":{},"f":{},"b":{},"meta":{"lastBranch":0,"lastFunction":0,"lastStatement":0,"seen":{}}}
,"/usr/src/app/src/assets/heavy_rain.png": {"path":"/usr/src/app/src/assets/heavy_rain.png","statementMap":{},"fnMap":{},"branchMap":{},"s":{},"f":{},"b":{},"meta":{"lastBranch":0,"lastFunction":0,"lastStatement":0,"seen":{}}}
,"/usr/src/app/src/assets/rain.png": {"path":"/usr/src/app/src/assets/rain.png","statementMap":{},"fnMap":{},"branchMap":{},"s":{},"f":{},"b":{},"meta":{"lastBranch":0,"lastFunction":0,"lastStatement":0,"seen":{}}}
,"/usr/src/app/src/assets/snow.png": {"path":"/usr/src/app/src/assets/snow.png","statementMap":{},"fnMap":{},"branchMap":{},"s":{},"f":{},"b":{},"meta":{"lastBranch":0,"lastFunction":0,"lastStatement":0,"seen":{}}}
,"/usr/src/app/src/assets/sun.png": {"path":"/usr/src/app/src/assets/sun.png","statementMap":{},"fnMap":{},"branchMap":{},"s":{},"f":{},"b":{},"meta":{"lastBranch":0,"lastFunction":0,"lastStatement":0,"seen":{}}}
,"/usr/src/app/src/assets/sun_and_rain.png": {"path":"/usr/src/app/src/assets/sun_and_rain.png","statementMap":{},"fnMap":{},"branchMap":{},"s":{},"f":{},"b":{},"meta":{"lastBranch":0,"lastFunction":0,"lastStatement":0,"seen":{}}}
,"/usr/src/app/src/components/weather/MyLineChart.tsx": {"path":"/usr/src/app/src/components/weather/MyLineChart.tsx","statementMap":{"0":{"start":{"line":24,"column":2},"end":{"line":55,"column":null}}},"fnMap":{"0":{"name":"MyLineChart","decl":{"start":{"line":20,"column":24},"end":{"line":20,"column":36}},"loc":{"start":{"line":23,"column":21},"end":{"line":55,"column":null}},"line":23}},"branchMap":{"0":{"loc":{"start":{"line":22,"column":2},"end":{"line":22,"column":null}},"type":"default-arg","locations":[{"start":{"line":22,"column":16},"end":{"line":22,"column":null}}],"line":22},"1":{"loc":{"start":{"line":36,"column":9},"end":{"line":36,"column":null}},"type":"binary-expr","locations":[{"start":{"line":36,"column":9},"end":{"line":36,"column":24}},{"start":{"line":36,"column":24},"end":{"line":36,"column":null}}],"line":36},"2":{"loc":{"start":{"line":44,"column":9},"end":{"line":44,"column":null}},"type":"binary-expr","locations":[{"start":{"line":44,"column":9},"end":{"line":44,"column":24}},{"start":{"line":44,"column":24},"end":{"line":44,"column":null}}],"line":44},"3":{"loc":{"start":{"line":45,"column":9},"end":{"line":49,"column":null}},"type":"binary-expr","locations":[{"start":{"line":45,"column":9},"end":{"line":45,"column":null}},{"start":{"line":46,"column":10},"end":{"line":49,"column":null}}],"line":45},"4":{"loc":{"start":{"line":51,"column":9},"end":{"line":51,"column":null}},"type":"binary-expr","locations":[{"start":{"line":51,"column":9},"end":{"line":51,"column":24}},{"start":{"line":51,"column":24},"end":{"line":51,"column":null}}],"line":51}},"s":{"0":4},"f":{"0":4},"b":{"0":[4],"1":[4,4],"2":[4,4],"3":[4,4],"4":[4,4]},"meta":{"lastBranch":5,"lastFunction":1,"lastStatement":1,"seen":{"f:20:24:20:36":0,"b:22:16:22:Infinity":0,"s:24:2:55:Infinity":0,"b:36:9:36:24:36:24:36:Infinity":1,"b:44:9:44:24:44:24:44:Infinity":2,"b:45:9:45:Infinity:46:10:49:Infinity":3,"b:51:9:51:24:51:24:51:Infinity":4}}}
,"/usr/src/app/src/components/weather/TemperatureLineChart.tsx": {"path":"/usr/src/app/src/components/weather/TemperatureLineChart.tsx","statementMap":{"0":{"start":{"line":26,"column":8},"end":{"line":30,"column":null}},"1":{"start":{"line":27,"column":4},"end":{"line":27,"column":null}},"2":{"start":{"line":27,"column":36},"end":{"line":27,"column":null}},"3":{"start":{"line":28,"column":10},"end":{"line":28,"column":46}},"4":{"start":{"line":29,"column":10},"end":{"line":29,"column":58}},"5":{"start":{"line":30,"column":4},"end":{"line":30,"column":null}},"6":{"start":{"line":33,"column":2},"end":{"line":72,"column":null}},"7":{"start":{"line":66,"column":59},"end":{"line":66,"column":null}}},"fnMap":{"0":{"name":"TemperatureLineChart","decl":{"start":{"line":21,"column":24},"end":{"line":21,"column":45}},"loc":{"start":{"line":25,"column":30},"end":{"line":72,"column":null}},"line":25},"1":{"name":"(anonymous_1)","decl":{"start":{"line":26,"column":8},"end":{"line":26,"column":34}},"loc":{"start":{"line":26,"column":34},"end":{"line":30,"column":null}},"line":26},"2":{"name":"(anonymous_2)","decl":{"start":{"line":66,"column":41},"end":{"line":66,"column":59}},"loc":{"start":{"line":66,"column":59},"end":{"line":66,"column":null}},"line":66}},"branchMap":{"0":{"loc":{"start":{"line":23,"column":2},"end":{"line":23,"column":null}},"type":"default-arg","locations":[{"start":{"line":23,"column":18},"end":{"line":23,"column":null}}],"line":23},"1":{"loc":{"start":{"line":24,"column":2},"end":{"line":24,"column":null}},"type":"default-arg","locations":[{"start":{"line":24,"column":18},"end":{"line":24,"column":null}}],"line":24},"2":{"loc":{"start":{"line":27,"column":4},"end":{"line":27,"column":null}},"type":"if","locations":[{"start":{"line":27,"column":4},"end":{"line":27,"column":null}},{"start":{},"end":{}}],"line":27},"3":{"loc":{"start":{"line":27,"column":8},"end":{"line":27,"column":36}},"type":"binary-expr","locations":[{"start":{"line":27,"column":8},"end":{"line":27,"column":17}},{"start":{"line":27,"column":17},"end":{"line":27,"column":36}}],"line":27},"4":{"loc":{"start":{"line":30,"column":11},"end":{"line":30,"column":null}},"type":"cond-expr","locations":[{"start":{"line":30,"column":35},"end":{"line":30,"column":47}},{"start":{"line":30,"column":47},"end":{"line":30,"column":null}}],"line":30},"5":{"loc":{"start":{"line":66,"column":25},"end":{"line":66,"column":null}},"type":"cond-expr","locations":[{"start":{"line":66,"column":41},"end":{"line":66,"column":59}},{"start":{"line":66,"column":41},"end":{"line":66,"column":null}}],"line":66},"6":{"loc":{"start":{"line":68,"column":9},"end":{"line":68,"column":null}},"type":"binary-expr","locations":[{"start":{"line":68,"column":9},"end":{"line":68,"column":26}},{"start":{"line":68,"column":26},"end":{"line":68,"column":null}}],"line":68}},"s":{"0":4,"1":4,"2":0,"3":4,"4":4,"5":4,"6":4,"7":0},"f":{"0":4,"1":4,"2":0},"b":{"0":[4],"1":[4],"2":[0,4],"3":[4,4],"4":[0,4],"5":[4,0],"6":[4,4]},"meta":{"lastBranch":7,"lastFunction":3,"lastStatement":8,"seen":{"f:21:24:21:45":0,"b:23:18:23:Infinity":0,"b:24:18:24:Infinity":1,"s:26:8:30:Infinity":0,"f:26:8:26:34":1,"b:27:4:27:Infinity:undefined:undefined:undefined:undefined":2,"s:27:4:27:Infinity":1,"b:27:8:27:17:27:17:27:36":3,"s:27:36:27:Infinity":2,"s:28:10:28:46":3,"s:29:10:29:58":4,"s:30:4:30:Infinity":5,"b:30:35:30:47:30:47:30:Infinity":4,"s:33:2:72:Infinity":6,"b:66:41:66:59:66:41:66:Infinity":5,"f:66:41:66:59":2,"s:66:59:66:Infinity":7,"b:68:9:68:26:68:26:68:Infinity":6}}}
,"/usr/src/app/src/components/weather/WeatherCard.tsx": {"path":"/usr/src/app/src/components/weather/WeatherCard.tsx","statementMap":{"0":{"start":{"line":23,"column":8},"end":{"line":23,"column":42}},"1":{"start":{"line":25,"column":2},"end":{"line":93,"column":null}}},"fnMap":{"0":{"name":"WeatherCard","decl":{"start":{"line":18,"column":24},"end":{"line":18,"column":36}},"loc":{"start":{"line":22,"column":21},"end":{"line":93,"column":null}},"line":22}},"branchMap":{},"s":{"0":8,"1":8},"f":{"0":8},"b":{},"meta":{"lastBranch":0,"lastFunction":1,"lastStatement":2,"seen":{"f:18:24:18:36":0,"s:23:8:23:42":0,"s:25:2:93:Infinity":1}}}
,"/usr/src/app/src/components/weather/WeatherCharts.tsx": {"path":"/usr/src/app/src/components/weather/WeatherCharts.tsx","statementMap":{"0":{"start":{"line":13,"column":2},"end":{"line":21,"column":null}},"1":{"start":{"line":13,"column":30},"end":{"line":21,"column":5}},"2":{"start":{"line":30,"column":2},"end":{"line":30,"column":null}},"3":{"start":{"line":30,"column":24},"end":{"line":30,"column":null}},"4":{"start":{"line":32,"column":30},"end":{"line":32,"column":69}},"5":{"start":{"line":34,"column":2},"end":{"line":49,"column":null}}},"fnMap":{"0":{"name":"predictionToWeatherData","decl":{"start":{"line":12,"column":9},"end":{"line":12,"column":33}},"loc":{"start":{"line":12,"column":72},"end":{"line":21,"column":null}},"line":12},"1":{"name":"(anonymous_1)","decl":{"start":{"line":13,"column":14},"end":{"line":13,"column":19}},"loc":{"start":{"line":13,"column":30},"end":{"line":21,"column":5}},"line":13},"2":{"name":"WeatherCharts","decl":{"start":{"line":24,"column":24},"end":{"line":24,"column":38}},"loc":{"start":{"line":29,"column":23},"end":{"line":49,"column":null}},"line":29}},"branchMap":{"0":{"loc":{"start":{"line":30,"column":2},"end":{"line":30,"column":null}},"type":"if","locations":[{"start":{"line":30,"column":2},"end":{"line":30,"column":null}},{"start":{},"end":{}}],"line":30},"1":{"loc":{"start":{"line":30,"column":6},"end":{"line":30,"column":24}},"type":"binary-expr","locations":[{"start":{"line":30,"column":6},"end":{"line":30,"column":17}},{"start":{"line":30,"column":17},"end":{"line":30,"column":24}}],"line":30}},"s":{"0":4,"1":96,"2":10,"3":6,"4":4,"5":4},"f":{"0":4,"1":96,"2":10},"b":{"0":[6,4],"1":[10,4]},"meta":{"lastBranch":2,"lastFunction":3,"lastStatement":6,"seen":{"f:12:9:12:33":0,"s:13:2:21:Infinity":0,"f:13:14:13:19":1,"s:13:30:21:5":1,"f:24:24:24:38":2,"b:30:2:30:Infinity:undefined:undefined:undefined:undefined":0,"s:30:2:30:Infinity":2,"b:30:6:30:17:30:17:30:24":1,"s:30:24:30:Infinity":3,"s:32:30:32:69":4,"s:34:2:49:Infinity":5}}}
,"/usr/src/app/src/components/weather/WeatherOverview.tsx": {"path":"/usr/src/app/src/components/weather/WeatherOverview.tsx","statementMap":{"0":{"start":{"line":15,"column":2},"end":{"line":16,"column":null}},"1":{"start":{"line":16,"column":4},"end":{"line":16,"column":null}},"2":{"start":{"line":19,"column":2},"end":{"line":20,"column":null}},"3":{"start":{"line":20,"column":4},"end":{"line":20,"column":null}},"4":{"start":{"line":23,"column":2},"end":{"line":24,"column":null}},"5":{"start":{"line":24,"column":4},"end":{"line":24,"column":null}},"6":{"start":{"line":27,"column":2},"end":{"line":43,"column":null}}},"fnMap":{"0":{"name":"WeatherOverview","decl":{"start":{"line":9,"column":24},"end":{"line":9,"column":40}},"loc":{"start":{"line":14,"column":25},"end":{"line":43,"column":null}},"line":14}},"branchMap":{"0":{"loc":{"start":{"line":15,"column":2},"end":{"line":16,"column":null}},"type":"if","locations":[{"start":{"line":15,"column":2},"end":{"line":16,"column":null}},{"start":{},"end":{}}],"line":15},"1":{"loc":{"start":{"line":19,"column":2},"end":{"line":20,"column":null}},"type":"if","locations":[{"start":{"line":19,"column":2},"end":{"line":20,"column":null}},{"start":{},"end":{}}],"line":19},"2":{"loc":{"start":{"line":23,"column":2},"end":{"line":24,"column":null}},"type":"if","locations":[{"start":{"line":23,"column":2},"end":{"line":24,"column":null}},{"start":{},"end":{}}],"line":23},"3":{"loc":{"start":{"line":23,"column":6},"end":{"line":23,"column":44}},"type":"binary-expr","locations":[{"start":{"line":23,"column":6},"end":{"line":23,"column":25}},{"start":{"line":23,"column":25},"end":{"line":23,"column":44}}],"line":23}},"s":{"0":10,"1":6,"2":4,"3":0,"4":4,"5":0,"6":4},"f":{"0":10},"b":{"0":[6,4],"1":[0,4],"2":[0,4],"3":[4,4]},"meta":{"lastBranch":4,"lastFunction":1,"lastStatement":7,"seen":{"f:9:24:9:40":0,"b:15:2:16:Infinity:undefined:undefined:undefined:undefined":0,"s:15:2:16:Infinity":0,"s:16:4:16:Infinity":1,"b:19:2:20:Infinity:undefined:undefined:undefined:undefined":1,"s:19:2:20:Infinity":2,"s:20:4:20:Infinity":3,"b:23:2:24:Infinity:undefined:undefined:undefined:undefined":2,"s:23:2:24:Infinity":4,"b:23:6:23:25:23:25:23:44":3,"s:24:4:24:Infinity":5,"s:27:2:43:Infinity":6}}}
,"/usr/src/app/src/features/fetch-weather-data/api/weatherApi.ts": {"path":"/usr/src/app/src/features/fetch-weather-data/api/weatherApi.ts","statementMap":{"0":{"start":{"line":7,"column":2},"end":{"line":7,"column":null}},"1":{"start":{"line":21,"column":28},"end":{"line":21,"column":null}},"2":{"start":{"line":22,"column":2},"end":{"line":25,"column":null}},"3":{"start":{"line":29,"column":37},"end":{"line":29,"column":null}},"4":{"start":{"line":30,"column":2},"end":{"line":33,"column":null}},"5":{"start":{"line":39,"column":17},"end":{"line":40,"column":null}},"6":{"start":{"line":42,"column":2},"end":{"line":43,"column":null}},"7":{"start":{"line":43,"column":4},"end":{"line":43,"column":null}},"8":{"start":{"line":45,"column":36},"end":{"line":45,"column":55}},"9":{"start":{"line":46,"column":2},"end":{"line":46,"column":null}},"10":{"start":{"line":51,"column":17},"end":{"line":52,"column":null}},"11":{"start":{"line":54,"column":2},"end":{"line":55,"column":null}},"12":{"start":{"line":55,"column":4},"end":{"line":55,"column":null}},"13":{"start":{"line":57,"column":36},"end":{"line":57,"column":55}},"14":{"start":{"line":58,"column":2},"end":{"line":58,"column":null}},"15":{"start":{"line":66,"column":17},"end":{"line":67,"column":null}},"16":{"start":{"line":69,"column":2},"end":{"line":72,"column":null}},"17":{"start":{"line":70,"column":4},"end":{"line":72,"column":null}},"18":{"start":{"line":74,"column":36},"end":{"line":74,"column":55}},"19":{"start":{"line":75,"column":2},"end":{"line":75,"column":null}},"20":{"start":{"line":82,"column":25},"end":{"line":82,"column":63}},"21":{"start":{"line":83,"column":23},"end":{"line":83,"column":59}},"22":{"start":{"line":85,"column":2},"end":{"line":85,"column":null}},"23":{"start":{"line":94,"column":17},"end":{"line":95,"column":null}},"24":{"start":{"line":97,"column":2},"end":{"line":100,"column":null}},"25":{"start":{"line":98,"column":4},"end":{"line":100,"column":null}},"26":{"start":{"line":102,"column":33},"end":{"line":102,"column":52}},"27":{"start":{"line":103,"column":2},"end":{"line":103,"column":null}},"28":{"start":{"line":110,"column":25},"end":{"line":110,"column":63}},"29":{"start":{"line":111,"column":23},"end":{"line":111,"column":59}},"30":{"start":{"line":113,"column":2},"end":{"line":113,"column":null}},"31":{"start":{"line":118,"column":23},"end":{"line":118,"column":52}},"32":{"start":{"line":119,"column":25},"end":{"line":119,"column":null}},"33":{"start":{"line":121,"column":2},"end":{"line":121,"column":null}},"34":{"start":{"line":125,"column":17},"end":{"line":125,"column":60}},"35":{"start":{"line":126,"column":2},"end":{"line":129,"column":null}},"36":{"start":{"line":127,"column":4},"end":{"line":129,"column":null}},"37":{"start":{"line":131,"column":31},"end":{"line":131,"column":50}},"38":{"start":{"line":132,"column":2},"end":{"line":132,"column":null}}},"fnMap":{"0":{"name":"toWeatherData","decl":{"start":{"line":20,"column":9},"end":{"line":20,"column":23}},"loc":{"start":{"line":20,"column":57},"end":{"line":25,"column":null}},"line":20},"1":{"name":"toPredictionData","decl":{"start":{"line":28,"column":9},"end":{"line":28,"column":26}},"loc":{"start":{"line":28,"column":66},"end":{"line":33,"column":null}},"line":28},"2":{"name":"getPrediction","decl":{"start":{"line":36,"column":22},"end":{"line":36,"column":null}},"loc":{"start":{"line":38,"column":29},"end":{"line":46,"column":null}},"line":38},"3":{"name":"getPrediction24Hours","decl":{"start":{"line":50,"column":22},"end":{"line":50,"column":70}},"loc":{"start":{"line":50,"column":70},"end":{"line":58,"column":null}},"line":50},"4":{"name":"getPredictionsInRange","decl":{"start":{"line":62,"column":22},"end":{"line":62,"column":null}},"loc":{"start":{"line":65,"column":29},"end":{"line":75,"column":null}},"line":65},"5":{"name":"getPredictionsInRangeUsingDates","decl":{"start":{"line":78,"column":22},"end":{"line":78,"column":null}},"loc":{"start":{"line":81,"column":29},"end":{"line":85,"column":null}},"line":81},"6":{"name":"getHistoricalDataInRange","decl":{"start":{"line":90,"column":22},"end":{"line":90,"column":null}},"loc":{"start":{"line":93,"column":26},"end":{"line":103,"column":null}},"line":93},"7":{"name":"getHistoricalDataInRangeUsingDates","decl":{"start":{"line":106,"column":22},"end":{"line":106,"column":null}},"loc":{"start":{"line":109,"column":26},"end":{"line":113,"column":null}},"line":109},"8":{"name":"getLast24Hours","decl":{"start":{"line":117,"column":22},"end":{"line":117,"column":63}},"loc":{"start":{"line":117,"column":63},"end":{"line":121,"column":null}},"line":117},"9":{"name":"getLatestWeather","decl":{"start":{"line":124,"column":22},"end":{"line":124,"column":63}},"loc":{"start":{"line":124,"column":63},"end":{"line":132,"column":null}},"line":124}},"branchMap":{"0":{"loc":{"start":{"line":42,"column":2},"end":{"line":43,"column":null}},"type":"if","locations":[{"start":{"line":42,"column":2},"end":{"line":43,"column":null}},{"start":{},"end":{}}],"line":42},"1":{"loc":{"start":{"line":54,"column":2},"end":{"line":55,"column":null}},"type":"if","locations":[{"start":{"line":54,"column":2},"end":{"line":55,"column":null}},{"start":{},"end":{}}],"line":54},"2":{"loc":{"start":{"line":58,"column":26},"end":{"line":58,"column":47}},"type":"binary-expr","locations":[{"start":{"line":58,"column":26},"end":{"line":58,"column":38}},{"start":{"line":58,"column":38},"end":{"line":58,"column":47}}],"line":58},"3":{"loc":{"start":{"line":69,"column":2},"end":{"line":72,"column":null}},"type":"if","locations":[{"start":{"line":69,"column":2},"end":{"line":72,"column":null}},{"start":{},"end":{}}],"line":69},"4":{"loc":{"start":{"line":97,"column":2},"end":{"line":100,"column":null}},"type":"if","locations":[{"start":{"line":97,"column":2},"end":{"line":100,"column":null}},{"start":{},"end":{}}],"line":97},"5":{"loc":{"start":{"line":126,"column":2},"end":{"line":129,"column":null}},"type":"if","locations":[{"start":{"line":126,"column":2},"end":{"line":129,"column":null}},{"start":{},"end":{}}],"line":126}},"s":{"0":1,"1":156,"2":156,"3":150,"4":150,"5":6,"6":6,"7":0,"8":6,"9":6,"10":6,"11":6,"12":0,"13":6,"14":6,"15":0,"16":0,"17":0,"18":0,"19":0,"20":0,"21":0,"22":0,"23":6,"24":6,"25":0,"26":6,"27":6,"28":0,"29":0,"30":0,"31":6,"32":6,"33":6,"34":6,"35":6,"36":0,"37":6,"38":6},"f":{"0":156,"1":150,"2":6,"3":6,"4":0,"5":0,"6":6,"7":0,"8":6,"9":6},"b":{"0":[0,6],"1":[0,6],"2":[6,6],"3":[0,0],"4":[0,6],"5":[0,6]},"meta":{"lastBranch":6,"lastFunction":10,"lastStatement":39,"seen":{"s:7:2:7:Infinity":0,"f:20:9:20:23":0,"s:21:28:21:Infinity":1,"s:22:2:25:Infinity":2,"f:28:9:28:26":1,"s:29:37:29:Infinity":3,"s:30:2:33:Infinity":4,"f:36:22:36:Infinity":2,"s:39:17:40:Infinity":5,"b:42:2:43:Infinity:undefined:undefined:undefined:undefined":0,"s:42:2:43:Infinity":6,"s:43:4:43:Infinity":7,"s:45:36:45:55":8,"s:46:2:46:Infinity":9,"f:50:22:50:70":3,"s:51:17:52:Infinity":10,"b:54:2:55:Infinity:undefined:undefined:undefined:undefined":1,"s:54:2:55:Infinity":11,"s:55:4:55:Infinity":12,"s:57:36:57:55":13,"s:58:2:58:Infinity":14,"b:58:26:58:38:58:38:58:47":2,"f:62:22:62:Infinity":4,"s:66:17:67:Infinity":15,"b:69:2:72:Infinity:undefined:undefined:undefined:undefined":3,"s:69:2:72:Infinity":16,"s:70:4:72:Infinity":17,"s:74:36:74:55":18,"s:75:2:75:Infinity":19,"f:78:22:78:Infinity":5,"s:82:25:82:63":20,"s:83:23:83:59":21,"s:85:2:85:Infinity":22,"f:90:22:90:Infinity":6,"s:94:17:95:Infinity":23,"b:97:2:100:Infinity:undefined:undefined:undefined:undefined":4,"s:97:2:100:Infinity":24,"s:98:4:100:Infinity":25,"s:102:33:102:52":26,"s:103:2:103:Infinity":27,"f:106:22:106:Infinity":7,"s:110:25:110:63":28,"s:111:23:111:59":29,"s:113:2:113:Infinity":30,"f:117:22:117:63":8,"s:118:23:118:52":31,"s:119:25:119:Infinity":32,"s:121:2:121:Infinity":33,"f:124:22:124:63":9,"s:125:17:125:60":34,"b:126:2:129:Infinity:undefined:undefined:undefined:undefined":5,"s:126:2:129:Infinity":35,"s:127:4:129:Infinity":36,"s:131:31:131:50":37,"s:132:2:132:Infinity":38}}}
,"/usr/src/app/src/hooks/useWeatherData.ts": {"path":"/usr/src/app/src/hooks/useWeatherData.ts","statementMap":{"0":{"start":{"line":13,"column":25},"end":{"line":13,"column":80}},"1":{"start":{"line":14,"column":27},"end":{"line":15,"column":41}},"2":{"start":{"line":17,"column":25},"end":{"line":17,"column":73}},"3":{"start":{"line":18,"column":25},"end":{"line":18,"column":76}},"4":{"start":{"line":20,"column":18},"end":{"line":20,"column":46}},"5":{"start":{"line":21,"column":16},"end":{"line":21,"column":57}},"6":{"start":{"line":23,"column":2},"end":{"line":50,"column":null}},"7":{"start":{"line":25,"column":6},"end":{"line":45,"column":null}},"8":{"start":{"line":26,"column":8},"end":{"line":26,"column":null}},"9":{"start":{"line":27,"column":8},"end":{"line":27,"column":null}},"10":{"start":{"line":30,"column":10},"end":{"line":35,"column":12}},"11":{"start":{"line":37,"column":8},"end":{"line":37,"column":null}},"12":{"start":{"line":38,"column":8},"end":{"line":38,"column":null}},"13":{"start":{"line":39,"column":8},"end":{"line":39,"column":null}},"14":{"start":{"line":40,"column":8},"end":{"line":40,"column":null}},"15":{"start":{"line":42,"column":4},"end":{"line":42,"column":null}},"16":{"start":{"line":43,"column":4},"end":{"line":43,"column":null}},"17":{"start":{"line":45,"column":8},"end":{"line":45,"column":null}},"18":{"start":{"line":49,"column":4},"end":{"line":49,"column":null}},"19":{"start":{"line":52,"column":2},"end":{"line":59,"column":null}}},"fnMap":{"0":{"name":"useWeatherData","decl":{"start":{"line":12,"column":16},"end":{"line":12,"column":33}},"loc":{"start":{"line":12,"column":33},"end":{"line":59,"column":null}},"line":12},"1":{"name":"(anonymous_1)","decl":{"start":{"line":23,"column":2},"end":{"line":23,"column":18}},"loc":{"start":{"line":23,"column":18},"end":{"line":50,"column":7}},"line":23},"2":{"name":"loadWeather","decl":{"start":{"line":24,"column":19},"end":{"line":24,"column":33}},"loc":{"start":{"line":24,"column":33},"end":{"line":45,"column":null}},"line":24}},"branchMap":{},"s":{"0":10,"1":10,"2":10,"3":10,"4":10,"5":10,"6":10,"7":6,"8":6,"9":6,"10":6,"11":6,"12":6,"13":6,"14":6,"15":0,"16":0,"17":6,"18":6,"19":10},"f":{"0":10,"1":6,"2":6},"b":{},"meta":{"lastBranch":0,"lastFunction":3,"lastStatement":20,"seen":{"f:12:16:12:33":0,"s:13:25:13:80":0,"s:14:27:15:41":1,"s:17:25:17:73":2,"s:18:25:18:76":3,"s:20:18:20:46":4,"s:21:16:21:57":5,"s:23:2:50:Infinity":6,"f:23:2:23:18":1,"f:24:19:24:33":2,"s:25:6:45:Infinity":7,"s:26:8:26:Infinity":8,"s:27:8:27:Infinity":9,"s:30:10:35:12":10,"s:37:8:37:Infinity":11,"s:38:8:38:Infinity":12,"s:39:8:39:Infinity":13,"s:40:8:40:Infinity":14,"s:42:4:42:Infinity":15,"s:43:4:43:Infinity":16,"s:45:8:45:Infinity":17,"s:49:4:49:Infinity":18,"s:52:2:59:Infinity":19}}}
,"/usr/src/app/src/testing/mocks/handlers.ts": {"path":"/usr/src/app/src/testing/mocks/handlers.ts","statementMap":{"0":{"start":{"line":8,"column":24},"end":{"line":51,"column":null}},"1":{"start":{"line":10,"column":4},"end":{"line":10,"column":null}},"2":{"start":{"line":14,"column":16},"end":{"line":14,"column":36}},"3":{"start":{"line":16,"column":22},"end":{"line":16,"column":63}},"4":{"start":{"line":17,"column":20},"end":{"line":17,"column":59}},"5":{"start":{"line":19,"column":4},"end":{"line":21,"column":null}},"6":{"start":{"line":20,"column":18},"end":{"line":20,"column":47}},"7":{"start":{"line":21,"column":6},"end":{"line":21,"column":null}},"8":{"start":{"line":24,"column":4},"end":{"line":24,"column":null}},"9":{"start":{"line":28,"column":16},"end":{"line":28,"column":36}},"10":{"start":{"line":29,"column":25},"end":{"line":29,"column":75}},"11":{"start":{"line":31,"column":4},"end":{"line":31,"column":null}},"12":{"start":{"line":35,"column":16},"end":{"line":35,"column":36}},"13":{"start":{"line":37,"column":22},"end":{"line":37,"column":63}},"14":{"start":{"line":38,"column":20},"end":{"line":38,"column":59}},"15":{"start":{"line":40,"column":4},"end":{"line":43,"column":null}},"16":{"start":{"line":41,"column":6},"end":{"line":43,"column":null}},"17":{"start":{"line":46,"column":25},"end":{"line":48,"column":null}},"18":{"start":{"line":51,"column":4},"end":{"line":51,"column":null}}},"fnMap":{"0":{"name":"(anonymous_0)","decl":{"start":{"line":9,"column":11},"end":{"line":9,"column":39}},"loc":{"start":{"line":9,"column":39},"end":{"line":11,"column":null}},"line":9},"1":{"name":"(anonymous_1)","decl":{"start":{"line":13,"column":11},"end":{"line":13,"column":35}},"loc":{"start":{"line":13,"column":51},"end":{"line":25,"column":null}},"line":13},"2":{"name":"(anonymous_2)","decl":{"start":{"line":27,"column":11},"end":{"line":27,"column":41}},"loc":{"start":{"line":27,"column":57},"end":{"line":32,"column":null}},"line":27},"3":{"name":"(anonymous_3)","decl":{"start":{"line":34,"column":11},"end":{"line":34,"column":39}},"loc":{"start":{"line":34,"column":55},"end":{"line":51,"column":null}},"line":34}},"branchMap":{"0":{"loc":{"start":{"line":19,"column":4},"end":{"line":21,"column":null}},"type":"if","locations":[{"start":{"line":19,"column":4},"end":{"line":21,"column":null}},{"start":{},"end":{}}],"line":19},"1":{"loc":{"start":{"line":19,"column":8},"end":{"line":19,"column":64}},"type":"binary-expr","locations":[{"start":{"line":19,"column":8},"end":{"line":19,"column":35}},{"start":{"line":19,"column":39},"end":{"line":19,"column":64}}],"line":19},"2":{"loc":{"start":{"line":29,"column":32},"end":{"line":29,"column":75}},"type":"binary-expr","locations":[{"start":{"line":29,"column":32},"end":{"line":29,"column":68}},{"start":{"line":29,"column":72},"end":{"line":29,"column":75}}],"line":29},"3":{"loc":{"start":{"line":40,"column":4},"end":{"line":43,"column":null}},"type":"if","locations":[{"start":{"line":40,"column":4},"end":{"line":43,"column":null}},{"start":{},"end":{}}],"line":40},"4":{"loc":{"start":{"line":40,"column":8},"end":{"line":40,"column":64}},"type":"binary-expr","locations":[{"start":{"line":40,"column":8},"end":{"line":40,"column":35}},{"start":{"line":40,"column":39},"end":{"line":40,"column":64}}],"line":40}},"s":{"0":1,"1":6,"2":6,"3":6,"4":6,"5":6,"6":0,"7":0,"8":6,"9":12,"10":12,"11":12,"12":0,"13":0,"14":0,"15":0,"16":0,"17":0,"18":0},"f":{"0":6,"1":6,"2":12,"3":0},"b":{"0":[0,6],"1":[6,6],"2":[12,0],"3":[0,0],"4":[0,0]},"meta":{"lastBranch":5,"lastFunction":4,"lastStatement":19,"seen":{"s:8:24:51:Infinity":0,"f:9:11:9:39":0,"s:10:4:10:Infinity":1,"f:13:11:13:35":1,"s:14:16:14:36":2,"s:16:22:16:63":3,"s:17:20:17:59":4,"b:19:4:21:Infinity:undefined:undefined:undefined:undefined":0,"s:19:4:21:Infinity":5,"b:19:8:19:35:19:39:19:64":1,"s:20:18:20:47":6,"s:21:6:21:Infinity":7,"s:24:4:24:Infinity":8,"f:27:11:27:41":2,"s:28:16:28:36":9,"s:29:25:29:75":10,"b:29:32:29:68:29:72:29:75":2,"s:31:4:31:Infinity":11,"f:34:11:34:39":3,"s:35:16:35:36":12,"s:37:22:37:63":13,"s:38:20:38:59":14,"b:40:4:43:Infinity:undefined:undefined:undefined:undefined":3,"s:40:4:43:Infinity":15,"b:40:8:40:35:40:39:40:64":4,"s:41:6:43:Infinity":16,"s:46:25:48:Infinity":17,"s:51:4:51:Infinity":18}}}
,"/usr/src/app/src/testing/mocks/node.ts": {"path":"/usr/src/app/src/testing/mocks/node.ts","statementMap":{"0":{"start":{"line":4,"column":13},"end":{"line":4,"column":null}}},"fnMap":{},"branchMap":{},"s":{"0":1},"f":{},"b":{},"meta":{"lastBranch":0,"lastFunction":0,"lastStatement":1,"seen":{"s:4:13:4:Infinity":0}}}
,"/usr/src/app/src/types/weatherData.ts": {"path":"/usr/src/app/src/types/weatherData.ts","statementMap":{},"fnMap":{},"branchMap":{},"s":{},"f":{},"b":{},"meta":{"lastBranch":0,"lastFunction":0,"lastStatement":0,"seen":{}}}
,"/usr/src/app/src/utils/dateFormat.ts": {"path":"/usr/src/app/src/utils/dateFormat.ts","statementMap":{"0":{"start":{"line":2,"column":2},"end":{"line":2,"column":null}},"1":{"start":{"line":6,"column":2},"end":{"line":9,"column":null}},"2":{"start":{"line":13,"column":2},"end":{"line":17,"column":null}}},"fnMap":{"0":{"name":"toDate","decl":{"start":{"line":1,"column":9},"end":{"line":1,"column":16}},"loc":{"start":{"line":1,"column":47},"end":{"line":2,"column":null}},"line":1},"1":{"name":"formatTime","decl":{"start":{"line":5,"column":16},"end":{"line":5,"column":27}},"loc":{"start":{"line":5,"column":58},"end":{"line":9,"column":null}},"line":5},"2":{"name":"formatDate","decl":{"start":{"line":12,"column":16},"end":{"line":12,"column":27}},"loc":{"start":{"line":12,"column":58},"end":{"line":17,"column":null}},"line":12}},"branchMap":{"0":{"loc":{"start":{"line":2,"column":9},"end":{"line":2,"column":56}},"type":"cond-expr","locations":[{"start":{"line":2,"column":33},"end":{"line":2,"column":41}},{"start":{"line":2,"column":41},"end":{"line":2,"column":56}}],"line":2}},"s":{"0":8,"1":0,"2":8},"f":{"0":8,"1":0,"2":8},"b":{"0":[8,0]},"meta":{"lastBranch":1,"lastFunction":3,"lastStatement":3,"seen":{"f:1:9:1:16":0,"s:2:2:2:Infinity":0,"b:2:33:2:41:2:41:2:56":0,"f:5:16:5:27":1,"s:6:2:9:Infinity":1,"f:12:16:12:27":2,"s:13:2:17:Infinity":2}}}
,"/usr/src/app/src/utils/weatherFormatting.ts": {"path":"/usr/src/app/src/utils/weatherFormatting.ts","statementMap":{"0":{"start":{"line":2,"column":21},"end":{"line":2,"column":null}},"1":{"start":{"line":3,"column":2},"end":{"line":3,"column":null}},"2":{"start":{"line":7,"column":2},"end":{"line":10,"column":null}},"3":{"start":{"line":14,"column":2},"end":{"line":14,"column":null}},"4":{"start":{"line":18,"column":2},"end":{"line":18,"column":null}}},"fnMap":{"0":{"name":"formatWindDirection","decl":{"start":{"line":1,"column":16},"end":{"line":1,"column":36}},"loc":{"start":{"line":1,"column":53},"end":{"line":3,"column":null}},"line":1},"1":{"name":"formatDate","decl":{"start":{"line":6,"column":16},"end":{"line":6,"column":27}},"loc":{"start":{"line":6,"column":39},"end":{"line":10,"column":null}},"line":6},"2":{"name":"formatWholeNumber","decl":{"start":{"line":13,"column":16},"end":{"line":13,"column":34}},"loc":{"start":{"line":13,"column":49},"end":{"line":14,"column":null}},"line":13},"3":{"name":"formatOneDecimal","decl":{"start":{"line":17,"column":16},"end":{"line":17,"column":33}},"loc":{"start":{"line":17,"column":48},"end":{"line":18,"column":null}},"line":17}},"branchMap":{},"s":{"0":8,"1":8,"2":8,"3":24,"4":16},"f":{"0":8,"1":8,"2":24,"3":16},"b":{},"meta":{"lastBranch":0,"lastFunction":4,"lastStatement":5,"seen":{"f:1:16:1:36":0,"s:2:21:2:Infinity":0,"s:3:2:3:Infinity":1,"f:6:16:6:27":1,"s:7:2:10:Infinity":2,"f:13:16:13:34":2,"s:14:2:14:Infinity":3,"f:17:16:17:33":3,"s:18:2:18:Infinity":4}}}
,"/usr/src/app/src/utils/weatherIcons.ts": {"path":"/usr/src/app/src/utils/weatherIcons.ts","statementMap":{"0":{"start":{"line":18,"column":2},"end":{"line":18,"column":null}},"1":{"start":{"line":18,"column":55},"end":{"line":18,"column":null}},"2":{"start":{"line":19,"column":2},"end":{"line":19,"column":null}},"3":{"start":{"line":19,"column":30},"end":{"line":19,"column":null}},"4":{"start":{"line":20,"column":2},"end":{"line":20,"column":null}},"5":{"start":{"line":20,"column":52},"end":{"line":20,"column":null}},"6":{"start":{"line":21,"column":2},"end":{"line":21,"column":null}},"7":{"start":{"line":21,"column":30},"end":{"line":21,"column":null}},"8":{"start":{"line":22,"column":2},"end":{"line":22,"column":null}},"9":{"start":{"line":22,"column":47},"end":{"line":22,"column":null}},"10":{"start":{"line":23,"column":2},"end":{"line":23,"column":null}},"11":{"start":{"line":23,"column":26},"end":{"line":23,"column":null}},"12":{"start":{"line":24,"column":2},"end":{"line":24,"column":null}},"13":{"start":{"line":24,"column":25},"end":{"line":24,"column":null}},"14":{"start":{"line":26,"column":2},"end":{"line":26,"column":null}}},"fnMap":{"0":{"name":"getWeatherIcon","decl":{"start":{"line":17,"column":16},"end":{"line":17,"column":31}},"loc":{"start":{"line":17,"column":54},"end":{"line":26,"column":null}},"line":17}},"branchMap":{"0":{"loc":{"start":{"line":18,"column":2},"end":{"line":18,"column":null}},"type":"if","locations":[{"start":{"line":18,"column":2},"end":{"line":18,"column":null}},{"start":{},"end":{}}],"line":18},"1":{"loc":{"start":{"line":18,"column":6},"end":{"line":18,"column":55}},"type":"binary-expr","locations":[{"start":{"line":18,"column":6},"end":{"line":18,"column":31}},{"start":{"line":18,"column":31},"end":{"line":18,"column":55}}],"line":18},"2":{"loc":{"start":{"line":19,"column":2},"end":{"line":19,"column":null}},"type":"if","locations":[{"start":{"line":19,"column":2},"end":{"line":19,"column":null}},{"start":{},"end":{}}],"line":19},"3":{"loc":{"start":{"line":20,"column":2},"end":{"line":20,"column":null}},"type":"if","locations":[{"start":{"line":20,"column":2},"end":{"line":20,"column":null}},{"start":{},"end":{}}],"line":20},"4":{"loc":{"start":{"line":20,"column":6},"end":{"line":20,"column":52}},"type":"binary-expr","locations":[{"start":{"line":20,"column":6},"end":{"line":20,"column":32}},{"start":{"line":20,"column":32},"end":{"line":20,"column":52}}],"line":20},"5":{"loc":{"start":{"line":21,"column":2},"end":{"line":21,"column":null}},"type":"if","locations":[{"start":{"line":21,"column":2},"end":{"line":21,"column":null}},{"start":{},"end":{}}],"line":21},"6":{"loc":{"start":{"line":22,"column":2},"end":{"line":22,"column":null}},"type":"if","locations":[{"start":{"line":22,"column":2},"end":{"line":22,"column":null}},{"start":{},"end":{}}],"line":22},"7":{"loc":{"start":{"line":22,"column":6},"end":{"line":22,"column":47}},"type":"binary-expr","locations":[{"start":{"line":22,"column":6},"end":{"line":22,"column":28}},{"start":{"line":22,"column":28},"end":{"line":22,"column":47}}],"line":22},"8":{"loc":{"start":{"line":23,"column":2},"end":{"line":23,"column":null}},"type":"if","locations":[{"start":{"line":23,"column":2},"end":{"line":23,"column":null}},{"start":{},"end":{}}],"line":23},"9":{"loc":{"start":{"line":24,"column":2},"end":{"line":24,"column":null}},"type":"if","locations":[{"start":{"line":24,"column":2},"end":{"line":24,"column":null}},{"start":{},"end":{}}],"line":24}},"s":{"0":8,"1":0,"2":8,"3":0,"4":8,"5":0,"6":8,"7":0,"8":8,"9":0,"10":8,"11":4,"12":4,"13":4,"14":0},"f":{"0":8},"b":{"0":[0,8],"1":[8,0],"2":[0,8],"3":[0,8],"4":[8,0],"5":[0,8],"6":[0,8],"7":[8,4],"8":[4,4],"9":[4,0]},"meta":{"lastBranch":10,"lastFunction":1,"lastStatement":15,"seen":{"f:17:16:17:31":0,"b:18:2:18:Infinity:undefined:undefined:undefined:undefined":0,"s:18:2:18:Infinity":0,"b:18:6:18:31:18:31:18:55":1,"s:18:55:18:Infinity":1,"b:19:2:19:Infinity:undefined:undefined:undefined:undefined":2,"s:19:2:19:Infinity":2,"s:19:30:19:Infinity":3,"b:20:2:20:Infinity:undefined:undefined:undefined:undefined":3,"s:20:2:20:Infinity":4,"b:20:6:20:32:20:32:20:52":4,"s:20:52:20:Infinity":5,"b:21:2:21:Infinity:undefined:undefined:undefined:undefined":5,"s:21:2:21:Infinity":6,"s:21:30:21:Infinity":7,"b:22:2:22:Infinity:undefined:undefined:undefined:undefined":6,"s:22:2:22:Infinity":8,"b:22:6:22:28:22:28:22:47":7,"s:22:47:22:Infinity":9,"b:23:2:23:Infinity:undefined:undefined:undefined:undefined":8,"s:23:2:23:Infinity":10,"s:23:26:23:Infinity":11,"b:24:2:24:Infinity:undefined:undefined:undefined:undefined":9,"s:24:2:24:Infinity":12,"s:24:25:24:Infinity":13,"s:26:2:26:Infinity":14}}}
,"/usr/src/app/src/utils/weatherMockSeries.ts": {"path":"/usr/src/app/src/utils/weatherMockSeries.ts","statementMap":{"0":{"start":{"line":26,"column":12},"end":{"line":26,"column":null}},"1":{"start":{"line":27,"column":2},"end":{"line":27,"column":null}},"2":{"start":{"line":34,"column":15},"end":{"line":34,"column":null}},"3":{"start":{"line":36,"column":2},"end":{"line":45,"column":null}},"4":{"start":{"line":55,"column":42},"end":{"line":55,"column":77}},"5":{"start":{"line":56,"column":2},"end":{"line":60,"column":null}},"6":{"start":{"line":71,"column":33},"end":{"line":71,"column":35}},"7":{"start":{"line":74,"column":2},"end":{"line":79,"column":null}},"8":{"start":{"line":75,"column":20},"end":{"line":75,"column":null}},"9":{"start":{"line":79,"column":4},"end":{"line":79,"column":null}},"10":{"start":{"line":82,"column":2},"end":{"line":82,"column":null}},"11":{"start":{"line":94,"column":36},"end":{"line":94,"column":38}},"12":{"start":{"line":97,"column":2},"end":{"line":102,"column":null}},"13":{"start":{"line":98,"column":20},"end":{"line":98,"column":null}},"14":{"start":{"line":102,"column":4},"end":{"line":102,"column":null}},"15":{"start":{"line":105,"column":2},"end":{"line":105,"column":null}},"16":{"start":{"line":114,"column":23},"end":{"line":114,"column":52}},"17":{"start":{"line":115,"column":21},"end":{"line":115,"column":58}},"18":{"start":{"line":116,"column":36},"end":{"line":116,"column":38}},"19":{"start":{"line":118,"column":2},"end":{"line":120,"column":null}},"20":{"start":{"line":118,"column":24},"end":{"line":118,"column":27}},"21":{"start":{"line":119,"column":22},"end":{"line":119,"column":null}},"22":{"start":{"line":120,"column":4},"end":{"line":120,"column":null}},"23":{"start":{"line":123,"column":2},"end":{"line":123,"column":null}},"24":{"start":{"line":130,"column":23},"end":{"line":130,"column":52}},"25":{"start":{"line":131,"column":2},"end":{"line":131,"column":null}}},"fnMap":{"0":{"name":"seededRandom","decl":{"start":{"line":25,"column":9},"end":{"line":25,"column":22}},"loc":{"start":{"line":25,"column":44},"end":{"line":27,"column":null}},"line":25},"1":{"name":"generateWeatherDataPoint","decl":{"start":{"line":33,"column":9},"end":{"line":33,"column":34}},"loc":{"start":{"line":33,"column":69},"end":{"line":45,"column":null}},"line":33},"2":{"name":"generatePredictionDataPoint","decl":{"start":{"line":51,"column":9},"end":{"line":51,"column":null}},"loc":{"start":{"line":54,"column":21},"end":{"line":60,"column":null}},"line":54},"3":{"name":"generateHistoricalData","decl":{"start":{"line":67,"column":16},"end":{"line":67,"column":null}},"loc":{"start":{"line":70,"column":20},"end":{"line":82,"column":null}},"line":70},"4":{"name":"generatePredictionData","decl":{"start":{"line":89,"column":16},"end":{"line":89,"column":null}},"loc":{"start":{"line":93,"column":23},"end":{"line":105,"column":null}},"line":93},"5":{"name":"generateNextHoursPredictions","decl":{"start":{"line":111,"column":16},"end":{"line":111,"column":null}},"loc":{"start":{"line":113,"column":23},"end":{"line":123,"column":null}},"line":113},"6":{"name":"getCurrentWeatherMock","decl":{"start":{"line":129,"column":16},"end":{"line":129,"column":56}},"loc":{"start":{"line":129,"column":56},"end":{"line":131,"column":null}},"line":129}},"branchMap":{"0":{"loc":{"start":{"line":43,"column":6},"end":{"line":43,"column":null}},"type":"cond-expr","locations":[{"start":{"line":43,"column":37},"end":{"line":43,"column":67}},{"start":{"line":43,"column":67},"end":{"line":43,"column":null}}],"line":43},"1":{"loc":{"start":{"line":44,"column":11},"end":{"line":44,"column":null}},"type":"cond-expr","locations":[{"start":{"line":44,"column":42},"end":{"line":44,"column":76}},{"start":{"line":44,"column":76},"end":{"line":44,"column":null}}],"line":44},"2":{"loc":{"start":{"line":92,"column":2},"end":{"line":92,"column":null}},"type":"default-arg","locations":[{"start":{"line":92,"column":34},"end":{"line":92,"column":null}}],"line":92}},"s":{"0":3096,"1":3096,"2":444,"3":444,"4":288,"5":288,"6":6,"7":6,"8":6,"9":150,"10":6,"11":0,"12":0,"13":0,"14":0,"15":0,"16":12,"17":12,"18":12,"19":12,"20":12,"21":288,"22":288,"23":12,"24":6,"25":6},"f":{"0":3096,"1":444,"2":288,"3":6,"4":0,"5":12,"6":6},"b":{"0":[120,324],"1":[312,132],"2":[0]},"meta":{"lastBranch":3,"lastFunction":7,"lastStatement":26,"seen":{"f:25:9:25:22":0,"s:26:12:26:Infinity":0,"s:27:2:27:Infinity":1,"f:33:9:33:34":1,"s:34:15:34:Infinity":2,"s:36:2:45:Infinity":3,"b:43:37:43:67:43:67:43:Infinity":0,"b:44:42:44:76:44:76:44:Infinity":1,"f:51:9:51:Infinity":2,"s:55:42:55:77":4,"s:56:2:60:Infinity":5,"f:67:16:67:Infinity":3,"s:71:33:71:35":6,"s:74:2:79:Infinity":7,"s:75:20:75:Infinity":8,"s:79:4:79:Infinity":9,"s:82:2:82:Infinity":10,"f:89:16:89:Infinity":4,"b:92:34:92:Infinity":2,"s:94:36:94:38":11,"s:97:2:102:Infinity":12,"s:98:20:98:Infinity":13,"s:102:4:102:Infinity":14,"s:105:2:105:Infinity":15,"f:111:16:111:Infinity":5,"s:114:23:114:52":16,"s:115:21:115:58":17,"s:116:36:116:38":18,"s:118:2:120:Infinity":19,"s:118:24:118:27":20,"s:119:22:119:Infinity":21,"s:120:4:120:Infinity":22,"s:123:2:123:Infinity":23,"f:129:16:129:56":6,"s:130:23:130:52":24,"s:131:2:131:Infinity":25}}}
}
